# JRE version: OpenJDK Runtime Environment (8.0_171-b11) (build 1.8.0_171-8u171-b11-1~deb9u1-b11)
# Java VM: OpenJDK 64-Bit Server VM (25.171-b11 mixed mode linux-amd64 compressed oops)
Heap:
 PSYoungGen      total 288768K, used 102447K [0x00000000ee380000, 0x0000000100000000, 0x0000000100000000)
  eden space 286208K, 34% used [0x00000000ee380000,0x00000000f4534258,0x00000000ffb00000)
  from space 2560K, 93% used [0x00000000ffb00000,0x00000000ffd57a70,0x00000000ffd80000)
  to   space 2560K, 0% used [0x00000000ffd80000,0x00000000ffd80000,0x0000000100000000)
 ParOldGen       total 363520K, used 350122K [0x00000000caa00000, 0x00000000e0d00000, 0x00000000ee380000)
  object space 363520K, 96% used [0x00000000caa00000,0x00000000dffeaa48,0x00000000e0d00000)
 Metaspace       used 15196K, capacity 15705K, committed 15872K, reserved 1062912K
  class space    used 1581K, capacity 1743K, committed 1792K, reserved 1048576K
GC Heap History (10 events):
Event: 732,650 GC heap before
{Heap before GC invocations=5063 (full 20):
 PSYoungGen      total 288768K, used 287112K [0x00000000ee380000, 0x0000000100000000, 0x0000000100000000)
  eden space 286208K, 99% used [0x00000000ee380000,0x00000000ff98b188,0x00000000ffb00000)
  from space 2560K, 93% used [0x00000000ffd80000,0x00000000fffd7110,0x0000000100000000)
  to   space 2560K, 0% used [0x00000000ffb00000,0x00000000ffb00000,0x00000000ffd80000)
 ParOldGen       total 363520K, used 349986K [0x00000000caa00000, 0x00000000e0d00000, 0x00000000ee380000)
  object space 363520K, 96% used [0x00000000caa00000,0x00000000dffc8a48,0x00000000e0d00000)
 Metaspace       used 14567K, capacity 15015K, committed 15232K, reserved 1062912K
  class space    used 1507K, capacity 1644K, committed 1664K, reserved 1048576K
Event: 732,655 GC heap after
Heap after GC invocations=5063 (full 20):
 PSYoungGen      total 288768K, used 2396K [0x00000000ee380000, 0x0000000100000000, 0x0000000100000000)
  eden space 286208K, 0% used [0x00000000ee380000,0x00000000ee380000,0x00000000ffb00000)
  from space 2560K, 93% used [0x00000000ffb00000,0x00000000ffd572f0,0x00000000ffd80000)
  to   space 2560K, 0% used [0x00000000ffd80000,0x00000000ffd80000,0x0000000100000000)
 ParOldGen       total 363520K, used 350010K [0x00000000caa00000, 0x00000000e0d00000, 0x00000000ee380000)
  object space 363520K, 96% used [0x00000000caa00000,0x00000000dffcea48,0x00000000e0d00000)
 Metaspace       used 14567K, capacity 15015K, committed 15232K, reserved 1062912K
  class space    used 1507K, capacity 1644K, committed 1664K, reserved 1048576K
}
Event: 732,722 GC heap before
{Heap before GC invocations=5064 (full 20):
 PSYoungGen      total 288768K, used 287168K [0x00000000ee380000, 0x0000000100000000, 0x0000000100000000)
  eden space 286208K, 99% used [0x00000000ee380000,0x00000000ff998ee0,0x00000000ffb00000)
  from space 2560K, 93% used [0x00000000ffb00000,0x00000000ffd572f0,0x00000000ffd80000)
  to   space 2560K, 0% used [0x00000000ffd80000,0x00000000ffd80000,0x0000000100000000)
 ParOldGen       total 363520K, used 350010K [0x00000000caa00000, 0x00000000e0d00000, 0x00000000ee380000)
  object space 363520K, 96% used [0x00000000caa00000,0x00000000dffcea48,0x00000000e0d00000)
 Metaspace       used 14567K, capacity 15015K, committed 15232K, reserved 1062912K
  class space    used 1507K, capacity 1644K, committed 1664K, reserved 1048576K
Event: 732,727 GC heap after
Heap after GC invocations=5064 (full 20):
 PSYoungGen      total 288768K, used 2397K [0x00000000ee380000, 0x0000000100000000, 0x0000000100000000)
  eden space 286208K, 0% used [0x00000000ee380000,0x00000000ee380000,0x00000000ffb00000)
  from space 2560K, 93% used [0x00000000ffd80000,0x00000000fffd74d0,0x0000000100000000)
  to   space 2560K, 0% used [0x00000000ffb00000,0x00000000ffb00000,0x00000000ffd80000)
 ParOldGen       total 363520K, used 350042K [0x00000000caa00000, 0x00000000e0d00000, 0x00000000ee380000)
  object space 363520K, 96% used [0x00000000caa00000,0x00000000dffd6a48,0x00000000e0d00000)
 Metaspace       used 14567K, capacity 15015K, committed 15232K, reserved 1062912K
  class space    used 1507K, capacity 1644K, committed 1664K, reserved 1048576K
}
Event: 732,795 GC heap before
{Heap before GC invocations=5065 (full 20):
 PSYoungGen      total 288768K, used 287224K [0x00000000ee380000, 0x0000000100000000, 0x0000000100000000)
  eden space 286208K, 99% used [0x00000000ee380000,0x00000000ff9a6c38,0x00000000ffb00000)
  from space 2560K, 93% used [0x00000000ffd80000,0x00000000fffd74d0,0x0000000100000000)
  to   space 2560K, 0% used [0x00000000ffb00000,0x00000000ffb00000,0x00000000ffd80000)
 ParOldGen       total 363520K, used 350042K [0x00000000caa00000, 0x00000000e0d00000, 0x00000000ee380000)
  object space 363520K, 96% used [0x00000000caa00000,0x00000000dffd6a48,0x00000000e0d00000)
 Metaspace       used 14567K, capacity 15015K, committed 15232K, reserved 1062912K
  class space    used 1507K, capacity 1644K, committed 1664K, reserved 1048576K
Event: 732,800 GC heap after
Heap after GC invocations=5065 (full 20):
 PSYoungGen      total 288768K, used 2397K [0x00000000ee380000, 0x0000000100000000, 0x0000000100000000)
  eden space 286208K, 0% used [0x00000000ee380000,0x00000000ee380000,0x00000000ffb00000)
  from space 2560K, 93% used [0x00000000ffb00000,0x00000000ffd576b0,0x00000000ffd80000)
  to   space 2560K, 0% used [0x00000000ffd80000,0x00000000ffd80000,0x0000000100000000)
 ParOldGen       total 363520K, used 350074K [0x00000000caa00000, 0x00000000e0d00000, 0x00000000ee380000)
  object space 363520K, 96% used [0x00000000caa00000,0x00000000dffdea48,0x00000000e0d00000)
 Metaspace       used 14567K, capacity 15015K, committed 15232K, reserved 1062912K
  class space    used 1507K, capacity 1644K, committed 1664K, reserved 1048576K
}
Event: 732,867 GC heap before
{Heap before GC invocations=5066 (full 20):
 PSYoungGen      total 288768K, used 287280K [0x00000000ee380000, 0x0000000100000000, 0x0000000100000000)
  eden space 286208K, 99% used [0x00000000ee380000,0x00000000ff9b4988,0x00000000ffb00000)
  from space 2560K, 93% used [0x00000000ffb00000,0x00000000ffd576b0,0x00000000ffd80000)
  to   space 2560K, 0% used [0x00000000ffd80000,0x00000000ffd80000,0x0000000100000000)
 ParOldGen       total 363520K, used 350074K [0x00000000caa00000, 0x00000000e0d00000, 0x00000000ee380000)
  object space 363520K, 96% used [0x00000000caa00000,0x00000000dffdea48,0x00000000e0d00000)
 Metaspace       used 14567K, capacity 15015K, committed 15232K, reserved 1062912K
  class space    used 1507K, capacity 1644K, committed 1664K, reserved 1048576K
Event: 732,872 GC heap after
Heap after GC invocations=5066 (full 20):
 PSYoungGen      total 288768K, used 2398K [0x00000000ee380000, 0x0000000100000000, 0x0000000100000000)
  eden space 286208K, 0% used [0x00000000ee380000,0x00000000ee380000,0x00000000ffb00000)
  from space 2560K, 93% used [0x00000000ffd80000,0x00000000fffd7890,0x0000000100000000)
  to   space 2560K, 0% used [0x00000000ffb00000,0x00000000ffb00000,0x00000000ffd80000)
 ParOldGen       total 363520K, used 350098K [0x00000000caa00000, 0x00000000e0d00000, 0x00000000ee380000)
  object space 363520K, 96% used [0x00000000caa00000,0x00000000dffe4a48,0x00000000e0d00000)
 Metaspace       used 14567K, capacity 15015K, committed 15232K, reserved 1062912K
  class space    used 1507K, capacity 1644K, committed 1664K, reserved 1048576K
}
Event: 732,938 GC heap before
{Heap before GC invocations=5067 (full 20):
 PSYoungGen      total 288768K, used 287335K [0x00000000ee380000, 0x0000000100000000, 0x0000000100000000)
  eden space 286208K, 99% used [0x00000000ee380000,0x00000000ff9c26e0,0x00000000ffb00000)
  from space 2560K, 93% used [0x00000000ffd80000,0x00000000fffd7890,0x0000000100000000)
  to   space 2560K, 0% used [0x00000000ffb00000,0x00000000ffb00000,0x00000000ffd80000)
 ParOldGen       total 363520K, used 350098K [0x00000000caa00000, 0x00000000e0d00000, 0x00000000ee380000)
  object space 363520K, 96% used [0x00000000caa00000,0x00000000dffe4a48,0x00000000e0d00000)
 Metaspace       used 14567K, capacity 15015K, committed 15232K, reserved 1062912K
  class space    used 1507K, capacity 1644K, committed 1664K, reserved 1048576K
Event: 732,943 GC heap after
Heap after GC invocations=5067 (full 20):
 PSYoungGen      total 288768K, used 2398K [0x00000000ee380000, 0x0000000100000000, 0x0000000100000000)
  eden space 286208K, 0% used [0x00000000ee380000,0x00000000ee380000,0x00000000ffb00000)
  from space 2560K, 93% used [0x00000000ffb00000,0x00000000ffd57a70,0x00000000ffd80000)
  to   space 2560K, 0% used [0x00000000ffd80000,0x00000000ffd80000,0x0000000100000000)
 ParOldGen       total 363520K, used 350122K [0x00000000caa00000, 0x00000000e0d00000, 0x00000000ee380000)
  object space 363520K, 96% used [0x00000000caa00000,0x00000000dffeaa48,0x00000000e0d00000)
 Metaspace       used 14567K, capacity 15015K, committed 15232K, reserved 1062912K
  class space    used 1507K, capacity 1644K, committed 1664K, reserved 1048576K
}

# JRE version: OpenJDK Runtime Environment (8.0_171-b11) (build 1.8.0_171-8u171-b11-1~deb9u1-b11)
# Java VM: OpenJDK 64-Bit Server VM (25.171-b11 mixed mode linux-amd64 compressed oops)
Heap:
 PSYoungGen      total 288768K, used 102447K [0x00000000ee380000, 0x0000000100000000, 0x0000000100000000)
  eden space 286208K, 34% used [0x00000000ee380000,0x00000000f4534258,0x00000000ffb00000)
  from space 2560K, 93% used [0x00000000ffb00000,0x00000000ffd57a70,0x00000000ffd80000)
  to   space 2560K, 0% used [0x00000000ffd80000,0x00000000ffd80000,0x0000000100000000)
 ParOldGen       total 363520K, used 350122K [0x00000000caa00000, 0x00000000e0d00000, 0x00000000ee380000)
  object space 363520K, 96% used [0x00000000caa00000,0x00000000dffeaa48,0x00000000e0d00000)
 Metaspace       used 15196K, capacity 15705K, committed 15872K, reserved 1062912K
  class space    used 1581K, capacity 1743K, committed 1792K, reserved 1048576K
GC Heap History (10 events):
Event: 732,650 GC heap before
{Heap before GC invocations=5063 (full 20):
 PSYoungGen      total 288768K, used 287112K [0x00000000ee380000, 0x0000000100000000, 0x0000000100000000)
  eden space 286208K, 99% used [0x00000000ee380000,0x00000000ff98b188,0x00000000ffb00000)
  from space 2560K, 93% used [0x00000000ffd80000,0x00000000fffd7110,0x0000000100000000)
  to   space 2560K, 0% used [0x00000000ffb00000,0x00000000ffb00000,0x00000000ffd80000)
 ParOldGen       total 363520K, used 349986K [0x00000000caa00000, 0x00000000e0d00000, 0x00000000ee380000)
  object space 363520K, 96% used [0x00000000caa00000,0x00000000dffc8a48,0x00000000e0d00000)
 Metaspace       used 14567K, capacity 15015K, committed 15232K, reserved 1062912K
  class space    used 1507K, capacity 1644K, committed 1664K, reserved 1048576K
Event: 732,655 GC heap after
Heap after GC invocations=5063 (full 20):
 PSYoungGen      total 288768K, used 2396K [0x00000000ee380000, 0x0000000100000000, 0x0000000100000000)
  eden space 286208K, 0% used [0x00000000ee380000,0x00000000ee380000,0x00000000ffb00000)
  from space 2560K, 93% used [0x00000000ffb00000,0x00000000ffd572f0,0x00000000ffd80000)
  to   space 2560K, 0% used [0x00000000ffd80000,0x00000000ffd80000,0x0000000100000000)
 ParOldGen       total 363520K, used 350010K [0x00000000caa00000, 0x00000000e0d00000, 0x00000000ee380000)
  object space 363520K, 96% used [0x00000000caa00000,0x00000000dffcea48,0x00000000e0d00000)
 Metaspace       used 14567K, capacity 15015K, committed 15232K, reserved 1062912K
  class space    used 1507K, capacity 1644K, committed 1664K, reserved 1048576K
}
Event: 732,722 GC heap before
{Heap before GC invocations=5064 (full 20):
 PSYoungGen      total 288768K, used 287168K [0x00000000ee380000, 0x0000000100000000, 0x0000000100000000)
  eden space 286208K, 99% used [0x00000000ee380000,0x00000000ff998ee0,0x00000000ffb00000)
  from space 2560K, 93% used [0x00000000ffb00000,0x00000000ffd572f0,0x00000000ffd80000)
  to   space 2560K, 0% used [0x00000000ffd80000,0x00000000ffd80000,0x0000000100000000)
 ParOldGen       total 363520K, used 350010K [0x00000000caa00000, 0x00000000e0d00000, 0x00000000ee380000)
  object space 363520K, 96% used [0x00000000caa00000,0x00000000dffcea48,0x00000000e0d00000)
 Metaspace       used 14567K, capacity 15015K, committed 15232K, reserved 1062912K
  class space    used 1507K, capacity 1644K, committed 1664K, reserved 1048576K
Event: 732,727 GC heap after
Heap after GC invocations=5064 (full 20):
 PSYoungGen      total 288768K, used 2397K [0x00000000ee380000, 0x0000000100000000, 0x0000000100000000)
  eden space 286208K, 0% used [0x00000000ee380000,0x00000000ee380000,0x00000000ffb00000)
  from space 2560K, 93% used [0x00000000ffd80000,0x00000000fffd74d0,0x0000000100000000)
  to   space 2560K, 0% used [0x00000000ffb00000,0x00000000ffb00000,0x00000000ffd80000)
 ParOldGen       total 363520K, used 350042K [0x00000000caa00000, 0x00000000e0d00000, 0x00000000ee380000)
  object space 363520K, 96% used [0x00000000caa00000,0x00000000dffd6a48,0x00000000e0d00000)
 Metaspace       used 14567K, capacity 15015K, committed 15232K, reserved 1062912K
  class space    used 1507K, capacity 1644K, committed 1664K, reserved 1048576K
}
Event: 732,795 GC heap before
{Heap before GC invocations=5065 (full 20):
 PSYoungGen      total 288768K, used 287224K [0x00000000ee380000, 0x0000000100000000, 0x0000000100000000)
  eden space 286208K, 99% used [0x00000000ee380000,0x00000000ff9a6c38,0x00000000ffb00000)
  from space 2560K, 93% used [0x00000000ffd80000,0x00000000fffd74d0,0x0000000100000000)
  to   space 2560K, 0% used [0x00000000ffb00000,0x00000000ffb00000,0x00000000ffd80000)
 ParOldGen       total 363520K, used 350042K [0x00000000caa00000, 0x00000000e0d00000, 0x00000000ee380000)
  object space 363520K, 96% used [0x00000000caa00000,0x00000000dffd6a48,0x00000000e0d00000)
 Metaspace       used 14567K, capacity 15015K, committed 15232K, reserved 1062912K
  class space    used 1507K, capacity 1644K, committed 1664K, reserved 1048576K
Event: 732,800 GC heap after
Heap after GC invocations=5065 (full 20):
 PSYoungGen      total 288768K, used 2397K [0x00000000ee380000, 0x0000000100000000, 0x0000000100000000)
  eden space 286208K, 0% used [0x00000000ee380000,0x00000000ee380000,0x00000000ffb00000)
  from space 2560K, 93% used [0x00000000ffb00000,0x00000000ffd576b0,0x00000000ffd80000)
  to   space 2560K, 0% used [0x00000000ffd80000,0x00000000ffd80000,0x0000000100000000)
 ParOldGen       total 363520K, used 350074K [0x00000000caa00000, 0x00000000e0d00000, 0x00000000ee380000)
  object space 363520K, 96% used [0x00000000caa00000,0x00000000dffdea48,0x00000000e0d00000)
 Metaspace       used 14567K, capacity 15015K, committed 15232K, reserved 1062912K
  class space    used 1507K, capacity 1644K, committed 1664K, reserved 1048576K
}
Event: 732,867 GC heap before
{Heap before GC invocations=5066 (full 20):
 PSYoungGen      total 288768K, used 287280K [0x00000000ee380000, 0x0000000100000000, 0x0000000100000000)
  eden space 286208K, 99% used [0x00000000ee380000,0x00000000ff9b4988,0x00000000ffb00000)
  from space 2560K, 93% used [0x00000000ffb00000,0x00000000ffd576b0,0x00000000ffd80000)
  to   space 2560K, 0% used [0x00000000ffd80000,0x00000000ffd80000,0x0000000100000000)
 ParOldGen       total 363520K, used 350074K [0x00000000caa00000, 0x00000000e0d00000, 0x00000000ee380000)
  object space 363520K, 96% used [0x00000000caa00000,0x00000000dffdea48,0x00000000e0d00000)
 Metaspace       used 14567K, capacity 15015K, committed 15232K, reserved 1062912K
  class space    used 1507K, capacity 1644K, committed 1664K, reserved 1048576K
Event: 732,872 GC heap after
Heap after GC invocations=5066 (full 20):
 PSYoungGen      total 288768K, used 2398K [0x00000000ee380000, 0x0000000100000000, 0x0000000100000000)
  eden space 286208K, 0% used [0x00000000ee380000,0x00000000ee380000,0x00000000ffb00000)
  from space 2560K, 93% used [0x00000000ffd80000,0x00000000fffd7890,0x0000000100000000)
  to   space 2560K, 0% used [0x00000000ffb00000,0x00000000ffb00000,0x00000000ffd80000)
 ParOldGen       total 363520K, used 350098K [0x00000000caa00000, 0x00000000e0d00000, 0x00000000ee380000)
  object space 363520K, 96% used [0x00000000caa00000,0x00000000dffe4a48,0x00000000e0d00000)
 Metaspace       used 14567K, capacity 15015K, committed 15232K, reserved 1062912K
  class space    used 1507K, capacity 1644K, committed 1664K, reserved 1048576K
}
Event: 732,938 GC heap before
{Heap before GC invocations=5067 (full 20):
 PSYoungGen      total 288768K, used 287335K [0x00000000ee380000, 0x0000000100000000, 0x0000000100000000)
  eden space 286208K, 99% used [0x00000000ee380000,0x00000000ff9c26e0,0x00000000ffb00000)
  from space 2560K, 93% used [0x00000000ffd80000,0x00000000fffd7890,0x0000000100000000)
  to   space 2560K, 0% used [0x00000000ffb00000,0x00000000ffb00000,0x00000000ffd80000)
 ParOldGen       total 363520K, used 350098K [0x00000000caa00000, 0x00000000e0d00000, 0x00000000ee380000)
  object space 363520K, 96% used [0x00000000caa00000,0x00000000dffe4a48,0x00000000e0d00000)
 Metaspace       used 14567K, capacity 15015K, committed 15232K, reserved 1062912K
  class space    used 1507K, capacity 1644K, committed 1664K, reserved 1048576K
Event: 732,943 GC heap after
Heap after GC invocations=5067 (full 20):
 PSYoungGen      total 288768K, used 2398K [0x00000000ee380000, 0x0000000100000000, 0x0000000100000000)
  eden space 286208K, 0% used [0x00000000ee380000,0x00000000ee380000,0x00000000ffb00000)
  from space 2560K, 93% used [0x00000000ffb00000,0x00000000ffd57a70,0x00000000ffd80000)
  to   space 2560K, 0% used [0x00000000ffd80000,0x00000000ffd80000,0x0000000100000000)
 ParOldGen       total 363520K, used 350122K [0x00000000caa00000, 0x00000000e0d00000, 0x00000000ee380000)
  object space 363520K, 96% used [0x00000000caa00000,0x00000000dffeaa48,0x00000000e0d00000)
 Metaspace       used 14567K, capacity 15015K, committed 15232K, reserved 1062912K
  class space    used 1507K, capacity 1644K, committed 1664K, reserved 1048576K
}

